C51 COMPILER V9.54   MAIN                                                                  01/22/2026 10:36:28 PAGE 1   


C51 COMPILER V9.54, COMPILATION OF MODULE MAIN
OBJECT MODULE PLACED IN .\Objects\main.obj
COMPILER INVOKED BY: D:\keil5\k\C51\BIN\C51.EXE main.c OPTIMIZE(8,SPEED) BROWSE DEBUG OBJECTEXTEND PRINT(.\Listings\main
                    -.lst) TABS(2) OBJECT(.\Objects\main.obj)

line level    source

   1          #include <REGX52.H>
   2          #include <INTRINS.H>
   3          #include "LCD1602.h"
   4          
   5          sbit DS1302_SCLK = P3^6;
   6          sbit DS1302_IO = P3^4;
   7          sbit DS1302_CE = P3^5;
   8                                 //е№ҙгҖҒжҳҹжңҹгҖҒжңҲгҖҒж—ҘгҖҒж—¶гҖҒеҲҶгҖҒз§’   WP
   9          unsigned char w_d[] = {0x8C,0x8A,0x88,0x86,0x84,0x82,0x80,0x8E};   
  10          
  11          void Ds1302_init(void);
  12          void DS1302_settime(unsigned char *Dtime);//еҜ№еӨҡдёӘж•°жҚ®еҶҷе…Ҙ
  13          void DS1302_readtime(unsigned char *Dtime);//еҜ№еӨҡдёӘж•°жҚ®иҜ»еҮә
  14          unsigned char DS1302_readbyte(unsigned char command);//еҚ•дёӘж•°жҚ®иҜ»еҮә
  15          void DS1302_writebyte(unsigned char command,Data);//еҚ•дёӘж•°жҚ®еҶҷе…Ҙ
  16          void Delay(unsigned int a);
  17          void nixie(unsigned char a,b);
  18          
  19          void main()
  20          {                       //е№ҙ жҳҹжңҹ жңҲ ж—Ҙ ж—¶ еҲҶ з§’ 
  21   1        unsigned char Dtime[] = {26, 3, 1,21,23,00,59};//дёәдәҶж–№дҫҝиҜ»еҶҷ,з”ЁдёҖдёӘж•°з»„дҝқеӯҳжүҖжңүж—¶й—ҙж•°ж
             -Қ®
  22   1        Ds1302_init();
  23   1        LCD_Init();
  24   1        DS1302_settime(Dtime);
  25   1        while(1)
  26   1        {
  27   2          DS1302_readtime();
*** WARNING C209 IN LINE 27 OF main.c: '_DS1302_readtime': too few actual parameters
  28   2          
  29   2          LCD_ShowNum(1,1,Dtime[0],2);
  30   2          LCD_ShowNum(1,4,Dtime[1],1);
  31   2          LCD_ShowNum(1,6,Dtime[2],2);
  32   2          LCD_ShowNum(1,9,Dtime[3],2);
  33   2          LCD_ShowNum(1,12,Dtime[4],2);
  34   2          LCD_ShowNum(1,15,Dtime[5],2);
  35   2          LCD_ShowNum(2,1,Dtime[6],2);
  36   2        }
  37   1      }
  38          
  39          void Ds1302_init(void)//еҲқе§ӢеҢ–
  40          {
  41   1        DS1302_CE = 0;
  42   1        DS1302_SCLK = 0;
  43   1      }
  44          void DS1302_settime(unsigned char *Dtime)
  45          {
  46   1        unsigned char i;
  47   1        DS1302_writebyte(w_d[7],0x00);//еҸ–ж¶ҲеҶҷдҝқжҠӨ
  48   1        
  49   1        for(i=0;i<7;i++)
  50   1          DS1302_writebyte(w_d[i],(Dtime[i]/10)*16+Dtime[i]%10);
  51   1        
  52   1        DS1302_writebyte(w_d[7],0x80);//жү“ејҖеҶҷдҝқжҠӨ
C51 COMPILER V9.54   MAIN                                                                  01/22/2026 10:36:28 PAGE 2   

  53   1      }
  54          void DS1302_readtime(unsigned char *Dtime)
  55          {
  56   1        unsigned char t,i;
  57   1        
  58   1        for(i=0;i<7;i++)
  59   1        {
  60   2          t = DS1302_readbyte(w_d[i]);
  61   2          Dtime[i] = t/16*10 + t%16;
  62   2        }
  63   1      }
  64          
  65          
  66          void DS1302_writebyte(unsigned char command,Data)
  67          {
  68   1        unsigned char i;
  69   1        DS1302_CE = 1;
  70   1        
  71   1        for(i=0;i<8;i++)
  72   1        {
  73   2          DS1302_IO = command&(0x01<<i);//жӢҝеҲ°commandзҡ„з¬¬дёҖдҪҚ
  74   2          DS1302_SCLK = 1;//жіЁж„ҸйңҖдёҚйңҖиҰҒеҠ е»¶ж—¶,йҳІжӯўйҖҹеәҰиҝҮеҝ«
  75   2          DS1302_SCLK = 0;//жҜҸж¬Ўз”өйҮҸдёӢйҷҚ,еҶҷе…ҘдёҖдёӘж•°жҚ®
  76   2        }
  77   1        
  78   1        for(i=0;i<8;i++)
  79   1        {
  80   2          DS1302_IO = Data&(0x01<<i);//жӢҝеҲ°commandзҡ„з¬¬дёҖдҪҚ
  81   2          DS1302_SCLK = 1;//жіЁж„ҸйңҖдёҚйңҖиҰҒеҠ е»¶ж—¶,йҳІжӯўйҖҹеәҰиҝҮеҝ«
  82   2          DS1302_SCLK = 0;
  83   2        } 
  84   1        DS1302_CE=0;
  85   1      }
  86          
  87          unsigned char DS1302_readbyte(unsigned char command)
  88          {
  89   1        unsigned char i,d=0x00;
  90   1        
  91   1        command |= 0x01;//з”ұдәҺиҜ»еҜ„еӯҳеҷЁжңҖеҗҺдёҖдҪҚдёҖе®ҡжҳҜ1,жүҖд»ҘзӣҙжҺҘе°ҶжңҖеҗҺдёҖдҪҚеҸҳдёәдёҖ
  92   1        DS1302_CE = 1;
  93   1        
  94   1        for(i=0;i<8;i++)
  95   1        {
  96   2          DS1302_IO = command&(0x01<<i);//жӢҝеҲ°commandзҡ„з¬¬дёҖдҪҚ
  97   2          DS1302_SCLK = 0;
  98   2          DS1302_SCLK = 1;
  99   2        }
 100   1        for(i=0;i<8;i++)
 101   1        {
 102   2          DS1302_SCLK = 1; 
 103   2          DS1302_SCLK = 0;
 104   2          if(DS1302_IO)
 105   2            d |= 0x01<<i;//еҰӮжһңз«ҜеҸЈзҠ¶жҖҒдёә1йӮЈе°ұзҪ®дёә1
 106   2        }
 107   1        DS1302_CE = 0;
 108   1        DS1302_IO=0;
 109   1        return d;
 110   1      }
 111          
 112          void nixie(unsigned char a,b)
 113          {
 114   1        unsigned char seg_code[] = {0x3F, 0x06, 0x5B, 0x4F, 0x66, 0x6D, 0x7D, 0x07, 0x7F, 0x6F};
C51 COMPILER V9.54   MAIN                                                                  01/22/2026 10:36:28 PAGE 3   

 115   1        a = 8-a;
 116   1        P2_2 = a % 2;
 117   1        a = a / 2;
 118   1        P2_3 = a % 2;
 119   1        a = a / 2;
 120   1        P2_4 = a % 2;
 121   1        a = a / 2;
 122   1        
 123   1        P0 = seg_code[b];
 124   1        Delay(1);
 125   1        P0 = 0x00;
 126   1      }
 127          
 128          void Delay(unsigned int a)
 129          {
 130   1        unsigned char i,j;
 131   1      
 132   1        while(a)
 133   1        {
 134   2          _nop_();
 135   2          i = 4;
 136   2          j = 239;
 137   2          do
 138   2          {
 139   3            while(--j);
 140   3          }while(--i);
 141   2          a--;
 142   2        }
 143   1      }


MODULE INFORMATION:   STATIC OVERLAYABLE
   CODE SIZE        =    556    ----
   CONSTANT SIZE    =     17    ----
   XDATA SIZE       =   ----    ----
   PDATA SIZE       =   ----    ----
   DATA SIZE        =      8      30
   IDATA SIZE       =   ----    ----
   BIT SIZE         =   ----    ----
END OF MODULE INFORMATION.


C51 COMPILATION COMPLETE.  1 WARNING(S),  0 ERROR(S)
