C51 COMPILER V9.54   MAIN                                                                  01/29/2026 15:49:18 PAGE 1   


C51 COMPILER V9.54, COMPILATION OF MODULE MAIN
OBJECT MODULE PLACED IN .\Objects\MAIN.obj
COMPILER INVOKED BY: D:\keil5\k\C51\BIN\C51.EXE MAIN.c OPTIMIZE(8,SPEED) BROWSE DEBUG OBJECTEXTEND PRINT(.\Listings\MAIN
                    -.lst) TABS(2) OBJECT(.\Objects\MAIN.obj)

line level    source

   1          #include <REGX52.H>
   2          #include "LCD1602.h"
   3          
   4          
   5          void Delay(unsigned int a);
   6          
   7          void main()
   8          {
   9   1        LCD_Init();
  10   1        LCD_ShowString(1,1,"Hello");
  11   1        while(1)
  12   1        {
  13   2        
  14   2        }
  15   1      }
  16          
  17          void Delay(unsigned int a)  //@11.0592MHz
  18          {
  19   1        unsigned char i,j;
  20   1      
  21   1        while(a)
  22   1        {
  23   2          i = 4;
  24   2          j = 239;
  25   2      
  26   2            do
  27   2            {
  28   3              while(--j);
  29   3            }while(--i);
  30   2          a--;
  31   2        }
  32   1      }


MODULE INFORMATION:   STATIC OVERLAYABLE
   CODE SIZE        =     38    ----
   CONSTANT SIZE    =      6    ----
   XDATA SIZE       =   ----    ----
   PDATA SIZE       =   ----    ----
   DATA SIZE        =   ----    ----
   IDATA SIZE       =   ----    ----
   BIT SIZE         =   ----    ----
END OF MODULE INFORMATION.


C51 COMPILATION COMPLETE.  0 WARNING(S),  0 ERROR(S)
