C51 COMPILER V9.54   MAIN                                                                  02/11/2026 18:19:51 PAGE 1   


C51 COMPILER V9.54, COMPILATION OF MODULE MAIN
OBJECT MODULE PLACED IN .\Objects\MAIN.obj
COMPILER INVOKED BY: D:\keil5\k\C51\BIN\C51.EXE MAIN.c OPTIMIZE(8,SPEED) BROWSE DEBUG OBJECTEXTEND PRINT(.\Listings\MAIN
                    -.lst) TABS(2) OBJECT(.\Objects\MAIN.obj)

line level    source

   1          #include <REGX52.H>
   2          
   3          sbit motor = P1^0;
   4          
   5          /*========数码管=========*/
   6          void nixie(unsigned char a,b);
   7          void n_loop(void);
   8          void nixie_setbuf(unsigned char a,b);
   9          unsigned char n_buf[9]={0,10,10,10,10,10,10,10,10};
  10          /*========数码管=========*/
  11          
  12          /*========按键===========*/
  13          unsigned char key();
  14          unsigned char Keyr();
  15          void k_loop();
  16          unsigned char keyo=0;
  17          /*========按键===========*/
  18          
  19          /*========PWM============*/
  20          unsigned char counter,compare;
  21          /*========PWM============*/
  22          
  23          void Delay(unsigned int a);
  24          void Timer0_Init();
  25          
  26          void main()
  27          {
  28   1        unsigned char keynum,speed=0;
  29   1          Timer0_Init();
  30   1          
  31   1          while(1)
  32   1          {
  33   2              keynum = key();
  34   2            if(keynum == 1)
  35   2            {
  36   3              speed++;
  37   3              speed%=4;
  38   3              if(speed == 0){compare=0;}
  39   3              if(speed == 1){compare=50;}
  40   3              if(speed == 2){compare=75;}
  41   3              if(speed == 3){compare=100;}
  42   3            }
  43   2            nixie_setbuf(1,speed);
  44   2          }
  45   1      }
  46          
  47          /*========PWM============*/
  48          
  49          /*========PWM============*/
  50          
  51          /*========按键===========*/
  52          unsigned char key()
  53          {
  54   1        unsigned char temp=0;
C51 COMPILER V9.54   MAIN                                                                  02/11/2026 18:19:51 PAGE 2   

  55   1        temp = keyo;
  56   1        keyo = 0;
  57   1        return temp;
  58   1      }
  59          
  60          unsigned char Keyr()
  61          {
  62   1        unsigned char KeyNumber=0;
  63   1        if(P3_1==0) {KeyNumber=1;}
  64   1        if(P3_0==0) {KeyNumber=2;}
  65   1        if(P3_2==0) {KeyNumber=3;}
  66   1        if(P3_3==0) {KeyNumber=4;}
  67   1        return KeyNumber;
  68   1      }
  69          
  70          void k_loop(void)
  71          {
  72   1        static unsigned char nowstate,laststate;
  73   1        
  74   1        laststate = nowstate;
  75   1        nowstate = Keyr();
  76   1        if(laststate==1 && nowstate==0)
  77   1        {
  78   2          keyo = 1;
  79   2        }
  80   1        if(laststate==2 && nowstate==0)
  81   1        {
  82   2          keyo = 2;
  83   2        }
  84   1        if(laststate==3 && nowstate==0)
  85   1        {
  86   2          keyo = 3;
  87   2        }
  88   1        if(laststate==4 && nowstate==0)
  89   1        {
  90   2          keyo = 4;
  91   2        }
  92   1      }
  93          /*========按键===========*/
  94          
  95          /*========数码管=========*/
  96          void nixie_setbuf(unsigned char a,b)
  97          {
  98   1        n_buf[a] = b;
  99   1      }
 100          void nixie(unsigned char a,b)
 101          {
 102   1        unsigned char seg_code[] = {0x3F, 0x06, 0x5B, 0x4F, 0x66, 0x6D, 0x7D, 0x07, 0x7F, 0x6F,0x00};
 103   1        P0=0x00;
 104   1        
 105   1        a = 8-a;
 106   1        P2_2 = a % 2;
 107   1        a = a / 2;
 108   1        P2_3 = a % 2;
 109   1        a = a / 2;
 110   1        P2_4 = a % 2;
 111   1        a = a / 2;
 112   1      
 113   1        P0 = seg_code[b];
 114   1      }
 115          void n_loop(void)
 116          {
C51 COMPILER V9.54   MAIN                                                                  02/11/2026 18:19:51 PAGE 3   

 117   1        static unsigned char i;
 118   1        nixie(i,n_buf[i]);
 119   1        i++;
 120   1        if(i>8)
 121   1          i=1;
 122   1      }
 123          /*========数码管=========*/
 124          unsigned int t1,t2;
 125          void Timer0_Routine(void) interrupt 1
 126          {
 127   1        
 128   1        TL0 = 0xA4;       //设置定时初始值
 129   1        TH0 = 0xFF;       //设置定时初始值
 130   1        
 131   1        counter++;
 132   1        counter%=100;
 133   1        if(counter<compare)
 134   1          motor = 1;
 135   1        else
 136   1          motor = 0;
 137   1        
 138   1        t1++;
 139   1        t2++;
 140   1        if(t1>=2)
 141   1        {
 142   2          t1 = 0;
 143   2          n_loop();
 144   2        }
 145   1        if(t2>=20)
 146   1        {
 147   2          t2 = 0;
 148   2          k_loop();
 149   2        }
 150   1      }
 151          
 152          void Timer0_Init()
 153          {
 154   1        //AUXR &= 0x7F;     //定时器时钟12T模式
 155   1        TMOD &= 0xF0;     //设置定时器模式
 156   1        TMOD |= 0x01;     //设置定时器模式
 157   1        TL0 = 0xA4;     //设置定时初始值
 158   1        TH0 = 0xFF;       //设置定时初始值
 159   1        TF0 = 0;        //清除TF0标志
 160   1        TR0 = 1;        //定时器0开始计时
 161   1        //中断操作
 162   1        ET0 = 1;
 163   1        EA = 1;
 164   1        PT0 = 0;
 165   1      }
 166          
 167          void Delay(unsigned int a)
 168          {
 169   1        unsigned char i,j;
 170   1      
 171   1        while(a)
 172   1        {
 173   2          i = 4;
 174   2          j = 239;
 175   2          do
 176   2          {
 177   3            while(--j);
 178   3          }while(--i);
C51 COMPILER V9.54   MAIN                                                                  02/11/2026 18:19:51 PAGE 4   

 179   2          a--;
 180   2        }
 181   1      }


MODULE INFORMATION:   STATIC OVERLAYABLE
   CODE SIZE        =    438    ----
   CONSTANT SIZE    =     11    ----
   XDATA SIZE       =   ----    ----
   PDATA SIZE       =   ----    ----
   DATA SIZE        =     19      15
   IDATA SIZE       =   ----    ----
   BIT SIZE         =   ----    ----
END OF MODULE INFORMATION.


C51 COMPILATION COMPLETE.  0 WARNING(S),  0 ERROR(S)
