C51 COMPILER V9.54   MAIN                                                                  01/28/2026 10:42:00 PAGE 1   


C51 COMPILER V9.54, COMPILATION OF MODULE MAIN
OBJECT MODULE PLACED IN .\Objects\main.obj
COMPILER INVOKED BY: D:\keil5\k\C51\BIN\C51.EXE main.c OPTIMIZE(8,SPEED) BROWSE DEBUG OBJECTEXTEND PRINT(.\Listings\main
                    -.lst) TABS(2) OBJECT(.\Objects\main.obj)

line level    source

   1          #include <REGX52.H>
   2          
   3          unsigned char keynum;
   4          unsigned int i;
   5          
   6          sbit buzzer = P2^5;
   7          
   8          unsigned char key();
   9          void nixie(unsigned char a,b);
  10          void buzzer_time(unsigned char ms);
  11          void Delay(unsigned int a);
  12          
  13          void main()
  14          {
  15   1          while(1)
  16   1          {
  17   2            keynum = key();
  18   2            if(keynum)
  19   2            {
  20   3              buzzer_time(50);
  21   3              nixie(1,keynum);
  22   3            }
  23   2          }
  24   1      }
  25          
  26          void buzzer_time(unsigned char ms)
  27          {
  28   1        unsigned int i;
  29   1        for(i=0;i<ms;i++)
  30   1        {
  31   2          buzzer = !buzzer;
  32   2          Delay(1);
  33   2        }
  34   1      }
  35          
  36          unsigned char key()
  37          {
  38   1        if(P3_1 == 0)
  39   1        {
  40   2          Delay(1);
  41   2          while(P3_1 ==0);
  42   2          Delay(1);
  43   2          return 1;
  44   2        }
  45   1        if(P3_0 == 0)
  46   1        {
  47   2          Delay(1);
  48   2          while(P3_0 ==0);
  49   2          Delay(1);
  50   2          return 2;
  51   2        }
  52   1        if(P3_2 == 0)
  53   1        {
  54   2          Delay(1);
C51 COMPILER V9.54   MAIN                                                                  01/28/2026 10:42:00 PAGE 2   

  55   2          while(P3_2 ==0);
  56   2          Delay(1);
  57   2          return 3;
  58   2        }
  59   1        if(P3_3 == 0)
  60   1        {
  61   2          Delay(1);
  62   2          while(P3_3 ==0);
  63   2          Delay(1);
  64   2          return 4;
  65   2        }
  66   1      }
  67          
  68          void nixie(unsigned char a,b)
  69          {
  70   1        unsigned char seg_code[] = {0x3F, 0x06, 0x5B, 0x4F, 0x66, 0x6D, 0x7D, 0x07, 0x7F, 0x6F};
  71   1        a = 8-a;
  72   1        P2_2 = a % 2;
  73   1        a = a / 2;
  74   1        P2_3 = a % 2;
  75   1        a = a / 2;
  76   1        P2_4 = a % 2;
  77   1        a = a / 2;
  78   1        
  79   1        P0 = seg_code[b];
  80   1        //Delay(1);
  81   1        //P0 = 0x00;
  82   1      }
  83          
  84          void Delay(unsigned int a)
  85          {
  86   1        unsigned char i,j;
  87   1      
  88   1        while(a)
  89   1        {
  90   2          i = 4;
  91   2          j = 239;
  92   2          do
  93   2          {
  94   3            while(--j);
  95   3          }while(--i);
  96   2          a--;
  97   2        }
  98   1      }
*** WARNING C291 IN LINE 66 OF main.c: not every exit path returns a value


MODULE INFORMATION:   STATIC OVERLAYABLE
   CODE SIZE        =    212    ----
   CONSTANT SIZE    =     10    ----
   XDATA SIZE       =   ----    ----
   PDATA SIZE       =   ----    ----
   DATA SIZE        =      3      16
   IDATA SIZE       =   ----    ----
   BIT SIZE         =   ----    ----
END OF MODULE INFORMATION.


C51 COMPILATION COMPLETE.  1 WARNING(S),  0 ERROR(S)
