C51 COMPILER V9.54   MAIN                                                                  02/05/2026 10:42:58 PAGE 1   


C51 COMPILER V9.54, COMPILATION OF MODULE MAIN
OBJECT MODULE PLACED IN .\Objects\MAIN.obj
COMPILER INVOKED BY: D:\keil5\k\C51\BIN\C51.EXE MAIN.c OPTIMIZE(8,SPEED) BROWSE DEBUG OBJECTEXTEND PRINT(.\Listings\MAIN
                    -.lst) TABS(2) OBJECT(.\Objects\MAIN.obj)

line level    source

   1          #include <REGX52.H>
   2          #include "LCD1602.H"
   3          
   4          sbit DQ = P3^7;
   5          
   6          unsigned char onewire_init()
   7          {
   8   1          unsigned char i,ackbit;
   9   1          DQ = 1;
  10   1          DQ = 0;
  11   1          i = 227;while (--i);  //delay 500us
  12   1          DQ = 1;
  13   1          i = 29;while (--i); //delay 70us
  14   1          ackbit = DQ;
  15   1          i = 227;while (--i);  //delay 500us
  16   1          return ackbit;
  17   1      }
  18          
  19          void main()
  20          {
  21   1        unsigned char ack=1;
  22   1        LCD_Init();
  23   1        ack = onewire_init();
  24   1        LCD_ShowNum(1,1,ack,3);
  25   1        while(1)
  26   1        {
  27   2        
  28   2        }
  29   1      }


MODULE INFORMATION:   STATIC OVERLAYABLE
   CODE SIZE        =     50    ----
   CONSTANT SIZE    =   ----    ----
   XDATA SIZE       =   ----    ----
   PDATA SIZE       =   ----    ----
   DATA SIZE        =   ----    ----
   IDATA SIZE       =   ----    ----
   BIT SIZE         =   ----    ----
END OF MODULE INFORMATION.


C51 COMPILATION COMPLETE.  0 WARNING(S),  0 ERROR(S)
