C51 COMPILER V9.54   MAIN                                                                  12/31/2025 15:42:41 PAGE 1   


C51 COMPILER V9.54, COMPILATION OF MODULE MAIN
OBJECT MODULE PLACED IN .\Objects\main.obj
COMPILER INVOKED BY: D:\keil5\k\C51\BIN\C51.EXE main.c OPTIMIZE(8,SPEED) BROWSE DEBUG OBJECTEXTEND PRINT(.\Listings\main
                    -.lst) TABS(2) OBJECT(.\Objects\main.obj)

line level    source

   1          #include <REGX52.H>
   2          
   3          unsigned char seg_code[] = {0x3F, 0x06, 0x5B, 0x4F, 0x66, 0x6D, 0x7D, 0x07, 0x7F, 0x6F};
   4          unsigned char sec=40,min=38,hour=15;
   5          
   6          void Delay(unsigned int a);
   7          void Timer0_Init();
   8          void nixie(unsigned char a,b);
   9          
  10          void main()
  11          {
  12   1        sec=40;
  13   1        min=38;
  14   1        hour=15;
  15   1        Timer0_Init();
  16   1        while(1)
  17   1        {
  18   2          nixie(1,(hour/10)%10);
  19   2          Delay(1);
  20   2          nixie(2,hour%10);
  21   2          Delay(1);
  22   2          nixie(3,(min/10)%10);
  23   2          Delay(1);
  24   2          nixie(4,min%10);
  25   2          Delay(1);
  26   2          nixie(5,(sec/10)%10);
  27   2          Delay(1);
  28   2          nixie(6,sec%10);
  29   2          Delay(1);
  30   2        }
  31   1      }
  32          
  33          
  34          
  35          void Timer0_Routine(void) interrupt 1
  36          {
  37   1        static unsigned int T;
  38   1        TL0 = 0x18;       //设置定时初始值
  39   1        TH0 = 0xFC;       //设置定时初始值
  40   1        T++;
  41   1        if(T >= 1000)
  42   1        {
  43   2          T = 0;
  44   2          sec++;
  45   2          if(sec >= 60)
  46   2          {
  47   3            sec = 0;
  48   3            min++;
  49   3            if(min>=60)
  50   3            {
  51   4              min=0;
  52   4              hour++;
  53   4              if(hour >= 24)
  54   4                hour = 0;
C51 COMPILER V9.54   MAIN                                                                  12/31/2025 15:42:41 PAGE 2   

  55   4            }
  56   3          }
  57   2        } 
  58   1      }
  59          
  60          void Delay(unsigned int a)
  61          {
  62   1        unsigned char i,j;
  63   1      
  64   1        while(a)
  65   1        {
  66   2          i = 4;
  67   2          j = 239;
  68   2          do
  69   2          {
  70   3            while(--j);
  71   3          }while(--i);
  72   2          a--;
  73   2        }
  74   1      }
  75          
  76          void Timer0_Init()
  77          {
  78   1        //AUXR &= 0x7F;     //定时器时钟12T模式
  79   1        TMOD &= 0xF0;     //设置定时器模式
  80   1        TMOD |= 0x01;     //设置定时器模式
  81   1        TL0 = 0x18;       //设置定时初始值
  82   1        TH0 = 0xFC;       //设置定时初始值
  83   1        TF0 = 0;        //清除TF0标志
  84   1        TR0 = 1;        //定时器0开始计时
  85   1        //中断操作
  86   1        ET0 = 1;
  87   1        EA = 1;
  88   1        PT0 = 0;
  89   1      }
  90          
  91          void nixie(unsigned char a,b)
  92          {
  93   1        a = 8-a;
  94   1        P2_2 = a % 2;
  95   1        a = a / 2;
  96   1        P2_3 = a % 2;
  97   1        a = a / 2;
  98   1        P2_4 = a % 2;
  99   1        a = a / 2;
 100   1      
 101   1        P0 = seg_code[b];
 102   1        Delay(1);
 103   1        P0 = 0x00;
 104   1      }


MODULE INFORMATION:   STATIC OVERLAYABLE
   CODE SIZE        =    283    ----
   CONSTANT SIZE    =   ----    ----
   XDATA SIZE       =   ----    ----
   PDATA SIZE       =   ----    ----
   DATA SIZE        =     15    ----
   IDATA SIZE       =   ----    ----
   BIT SIZE         =   ----    ----
END OF MODULE INFORMATION.


C51 COMPILATION COMPLETE.  0 WARNING(S),  0 ERROR(S)
