C51 COMPILER V9.54   MAIN                                                                  01/29/2026 17:35:44 PAGE 1   


C51 COMPILER V9.54, COMPILATION OF MODULE MAIN
OBJECT MODULE PLACED IN .\Objects\main.obj
COMPILER INVOKED BY: D:\keil5\k\C51\BIN\C51.EXE main.c OPTIMIZE(8,SPEED) BROWSE DEBUG OBJECTEXTEND PRINT(.\Listings\main
                    -.lst) TABS(2) OBJECT(.\Objects\main.obj)

line level    source

   1          #include <REGX52.H>
   2          #include "LCD1602.h"
   3          
   4          sbit I2C_SCL = P2^1;
   5          sbit I2C_SDA = P2^0;
   6          
   7          #define a_address 0xA0    //at24c04的地址
   8          
   9          void Delay(unsigned int a); 
  10          
  11          void i2c_start(void);//发送接收的S表示开始
  12          void i2c_stop(void);//发送接收的P表示停止
  13          
  14          void i2c_semdbyte(unsigned char byte);//写入一个字节
  15          unsigned char i2c_receivebyte(void);//接收一个字节
  16          
  17          void i2c_sendack(unsigned char abit);//发送应答
  18          unsigned char i2c_receiveack();//接收应答
  19          
  20          void at24c04_wb(unsigned char wa,Data);//对at24c04写一个字节
  21          unsigned char at24c04_rb(unsigned char wa);//对at24c04读一个字节  wa表示寄存器
  22          
  23          void main()
  24          {
  25   1        unsigned char d;
  26   1        LCD_Init();
  27   1        
  28   1        at24c04_wb(1,66);
  29   1        Delay(20);
  30   1        d = at24c04_rb(1);
  31   1        LCD_ShowNum(2,1,d,3);
  32   1        while(1)
  33   1        {
  34   2          
  35   2        }
  36   1      }
  37          
  38          void at24c04_wb(unsigned char wa,Data)//对at24c04写一个字节  wa表示寄存器
  39          {
  40   1        i2c_start();
  41   1        i2c_semdbyte(a_address);
  42   1        i2c_receiveack();
  43   1        i2c_semdbyte(wa);
  44   1        i2c_receiveack();
  45   1        i2c_semdbyte(Data);
  46   1        i2c_receiveack();
  47   1        i2c_stop();
  48   1      }
  49          
  50          unsigned char at24c04_rb(unsigned char wa)//对at24c04读一个字节  wa表示寄存器
  51          {
  52   1        unsigned char Data;
  53   1        
  54   1        i2c_start();
C51 COMPILER V9.54   MAIN                                                                  01/29/2026 17:35:44 PAGE 2   

  55   1        i2c_semdbyte(a_address);
  56   1        i2c_receiveack();
  57   1        i2c_semdbyte(wa);
  58   1        i2c_receiveack();
  59   1        
  60   1        i2c_start();
  61   1        i2c_semdbyte(a_address|0x01);//原本a_address表示写地址,将最后一位变为1,变为读地址
  62   1        i2c_receiveack();
  63   1        Data = i2c_receivebyte();
  64   1        i2c_sendack(1);
  65   1        
  66   1        i2c_stop();
  67   1        return Data;
  68   1      }
  69          
  70          void i2c_start(void)//发送接收的S 表示开始
  71          {
  72   1        I2C_SDA = 1;
  73   1        I2C_SCL = 1;
  74   1        I2C_SDA = 0;
  75   1        I2C_SCL = 0;
  76   1      }
  77          
  78          void i2c_stop(void)//发送接收的P 表示停止
  79          {
  80   1        I2C_SDA = 0;
  81   1        I2C_SCL = 1;
  82   1        I2C_SDA = 1;
  83   1      }
  84          
  85          void i2c_semdbyte(unsigned char byte)//写入一个字节
  86          {
  87   1        unsigned char i;
  88   1        for(i=0;i<8;i++)
  89   1        {
  90   2          I2C_SDA = (byte&(0x80>>i));
  91   2          I2C_SCL = 1;
  92   2          I2C_SCL = 0;
  93   2        }
  94   1      }
  95            
  96          unsigned char i2c_receivebyte(void)//接收一个字节
  97          {
  98   1        unsigned char i,byte=0x00;
  99   1        
 100   1        I2C_SDA = 1;
 101   1        for(i=0;i<8;i++)
 102   1        {
 103   2          I2C_SCL = 1;
 104   2          if(I2C_SDA)
 105   2            byte |= (0x80>>i); 
 106   2          I2C_SCL = 0;
 107   2        }
 108   1        return byte;
 109   1      }
 110          
 111          void i2c_sendack(unsigned char abit)//发送应答
 112          {
 113   1          I2C_SDA = abit;
 114   1          I2C_SCL = 0;
 115   1          I2C_SCL = 1;
 116   1      }
C51 COMPILER V9.54   MAIN                                                                  01/29/2026 17:35:44 PAGE 3   

 117          
 118          unsigned char i2c_receiveack()//接收应答
 119          {
 120   1          unsigned char abit;
 121   1          I2C_SDA = 1;
 122   1          I2C_SCL = 1;
 123   1          abit = I2C_SDA;
 124   1          I2C_SCL = 0;
 125   1          return abit;
 126   1      }
 127          
 128          void Delay(unsigned int a)
 129          {
 130   1        unsigned char i,j;
 131   1      
 132   1        while(a)
 133   1        {
 134   2          i = 4;
 135   2          j = 239;
 136   2      
 137   2            do
 138   2            {
 139   3              while(--j);
 140   3            }while(--i);
 141   2          a--;
 142   2        }
 143   1      }


MODULE INFORMATION:   STATIC OVERLAYABLE
   CODE SIZE        =    253    ----
   CONSTANT SIZE    =   ----    ----
   XDATA SIZE       =   ----    ----
   PDATA SIZE       =   ----    ----
   DATA SIZE        =   ----       5
   IDATA SIZE       =   ----    ----
   BIT SIZE         =   ----    ----
END OF MODULE INFORMATION.


C51 COMPILATION COMPLETE.  0 WARNING(S),  0 ERROR(S)
