C51 COMPILER V9.54   MAIN                                                                  02/02/2026 16:52:05 PAGE 1   


C51 COMPILER V9.54, COMPILATION OF MODULE MAIN
OBJECT MODULE PLACED IN .\Objects\main.obj
COMPILER INVOKED BY: D:\keil5\k\C51\BIN\C51.EXE main.c OPTIMIZE(8,SPEED) BROWSE DEBUG OBJECTEXTEND PRINT(.\Listings\main
                    -.lst) TABS(2) OBJECT(.\Objects\main.obj)

line level    source

   1          #include <REGX52.H>
   2          
   3          unsigned char keyo=0;
   4          
   5          void Timer0_Init();
   6          unsigned char key();
   7          unsigned char Keyr();
   8          void key_loop();
   9          
  10          void nixie(unsigned char a,b);
  11          void Delay(unsigned int a);
  12          
  13          void main()
  14          {
  15   1        unsigned char a,b;
  16   1        
  17   1        Timer0_Init();
  18   1        while(1)
  19   1        {
  20   2          a = key();
  21   2          if(a)
  22   2            b = a;
  23   2          nixie(1,b);
  24   2        }
  25   1      }
  26          
  27          unsigned char key()
  28          {
  29   1        unsigned char temp=0;
  30   1        temp = keyo;
  31   1        keyo = 0;
  32   1        return temp;
  33   1      }
  34          
  35          unsigned char Keyr()
  36          {
  37   1        unsigned char KeyNumber=0;
  38   1        if(P3_1==0) {KeyNumber=1;}
  39   1        if(P3_0==0) {KeyNumber=2;}
  40   1        if(P3_2==0) {KeyNumber=3;}
  41   1        if(P3_3==0) {KeyNumber=4;}
  42   1        return KeyNumber;
  43   1      }
  44          
  45          void key_loop(void)
  46          {
  47   1        static unsigned char nowstate,laststate;
  48   1        
  49   1        laststate = nowstate;
  50   1        nowstate = Keyr();
  51   1        if(laststate==1 && nowstate==0)
  52   1        {
  53   2          keyo = 1;
  54   2        }
C51 COMPILER V9.54   MAIN                                                                  02/02/2026 16:52:05 PAGE 2   

  55   1        if(laststate==2 && nowstate==0)
  56   1        {
  57   2          keyo = 2;
  58   2        }
  59   1        if(laststate==3 && nowstate==0)
  60   1        {
  61   2          keyo = 3;
  62   2        }
  63   1        if(laststate==4 && nowstate==0)
  64   1        {
  65   2          keyo = 4;
  66   2        }
  67   1      }
  68          
  69          unsigned int T=0;
  70          void Timer0_Routine(void) interrupt 1
  71          {
  72   1        TL0 = 0x66;       //设置定时初始值
  73   1        TH0 = 0xFC;       //设置定时初始值
  74   1        T++;
  75   1        if(T >= 20)
  76   1        {
  77   2          T = 0;
  78   2          key_loop();
  79   2        } 
  80   1      }
  81          
  82          void Timer0_Init()
  83          {
  84   1        //AUXR &= 0x7F;     //定时器时钟12T模式
  85   1        TMOD &= 0xF0;       //设置定时器模式
  86   1        TMOD |= 0x01;     //设置定时器模式
  87   1        TL0 = 0x66;       //设置定时初始值
  88   1        TH0 = 0xFC;       //设置定时初始值
  89   1        TF0 = 0;        //清除TF0标志
  90   1        TR0 = 1;        //定时器0开始计时
  91   1        //中断操作
  92   1        ET0 = 1;
  93   1        EA = 1;
  94   1        PT0 = 0;
  95   1      }
  96          
  97          void nixie(unsigned char a,b)
  98          {
  99   1        unsigned char seg_code[] = {0x3F, 0x06, 0x5B, 0x4F, 0x66, 0x6D, 0x7D, 0x07, 0x7F, 0x6F};
 100   1        a = 8-a;
 101   1        P2_2 = a % 2;
 102   1        a = a / 2;
 103   1        P2_3 = a % 2;
 104   1        a = a / 2;
 105   1        P2_4 = a % 2;
 106   1        a = a / 2;
 107   1        
 108   1        P0 = seg_code[b];
 109   1        //Delay(1);
 110   1        //P0 = 0x00;
 111   1      }
 112          
 113          void Delay(unsigned int a)
 114          {
 115   1        unsigned char i,j;
 116   1      
C51 COMPILER V9.54   MAIN                                                                  02/02/2026 16:52:05 PAGE 3   

 117   1        while(a)
 118   1        {
 119   2          i = 4;
 120   2          j = 239;
 121   2          do
 122   2          {
 123   3            while(--j);
 124   3          }while(--i);
 125   2          a--;
 126   2        }
 127   1      }


MODULE INFORMATION:   STATIC OVERLAYABLE
   CODE SIZE        =    267    ----
   CONSTANT SIZE    =     10    ----
   XDATA SIZE       =   ----    ----
   PDATA SIZE       =   ----    ----
   DATA SIZE        =      5      14
   IDATA SIZE       =   ----    ----
   BIT SIZE         =   ----    ----
END OF MODULE INFORMATION.


C51 COMPILATION COMPLETE.  0 WARNING(S),  0 ERROR(S)
